<?xml version="1.0" encoding="UTF-8"?>
<testng-results ignored="0" total="1" passed="1" failed="0" skipped="0">
  <reporter-output>
  </reporter-output>
  <suite started-at="2024-08-08T21:14:54 IST" name="Default suite" finished-at="2024-08-08T21:15:34 IST" duration-ms="39236">
    <groups>
    </groups>
    <test started-at="2024-08-08T21:14:54 IST" name="Default test" finished-at="2024-08-08T21:15:34 IST" duration-ms="39236">
      <class name="com.itlearn.testcases.DashBoardTestCase">
        <test-method is-config="true" signature="setUp()[pri:0, instance:com.itlearn.testcases.DashBoardTestCase@5032714f]" started-at="2024-08-08T21:14:55 IST" name="setUp" finished-at="2024-08-08T21:15:10 IST" duration-ms="15773" status="PASS">
          <reporter-output>
          </reporter-output>
        </test-method> <!-- setUp -->
        <test-method signature="testcourses()[pri:1, instance:com.itlearn.testcases.DashBoardTestCase@5032714f]" started-at="2024-08-08T21:15:10 IST" name="testcourses" finished-at="2024-08-08T21:15:33 IST" duration-ms="22790" status="PASS">
          <reporter-output>
          </reporter-output>
        </test-method> <!-- testcourses -->
        <test-method is-config="true" signature="tearDown()[pri:0, instance:com.itlearn.testcases.DashBoardTestCase@5032714f]" started-at="2024-08-08T21:15:33 IST" name="tearDown" finished-at="2024-08-08T21:15:34 IST" duration-ms="574" status="PASS">
          <reporter-output>
          </reporter-output>
        </test-method> <!-- tearDown -->
      </class> <!-- com.itlearn.testcases.DashBoardTestCase -->
    </test> <!-- Default test -->
  </suite> <!-- Default suite -->
</testng-results>
